TN:
SF:src/createFiles.js
FN:6,defaultDependencies
FN:16,executeWrites
FN:24,createFiles
FNF:3
FNH:3
FNDA:12,defaultDependencies
FNDA:6,executeWrites
FNDA:7,createFiles
DA:1,1
DA:2,1
DA:3,1
DA:4,1
DA:5,1
DA:6,1
DA:7,12
DA:8,12
DA:9,12
DA:10,12
DA:11,12
DA:12,12
DA:13,12
DA:14,12
DA:15,1
DA:16,6
DA:17,6
DA:18,6
DA:19,12
DA:20,6
DA:21,6
DA:22,6
DA:23,1
DA:24,1
DA:25,7
DA:26,7
DA:27,7
DA:28,7
DA:29,7
DA:30,7
DA:31,7
DA:32,7
DA:33,7
DA:34,13
DA:35,13
DA:36,1
DA:37,1
DA:38,1
DA:39,1
DA:40,12
DA:41,12
DA:42,12
DA:43,12
DA:44,12
DA:45,12
DA:46,12
DA:47,12
DA:48,12
DA:49,12
DA:50,12
DA:51,12
DA:52,12
DA:53,12
DA:54,6
DA:55,6
DA:56,6
DA:57,6
LF:57
LH:57
BRDA:6,0,0,12
BRDA:16,1,0,6
BRDA:18,2,0,12
BRDA:24,3,0,7
BRDA:33,4,0,13
BRDA:35,5,0,1
BRDA:39,6,0,12
BRDA:53,7,0,6
BRDA:34,8,0,23
BRF:9
BRH:9
end_of_record
TN:
SF:src/createLayers.js
FN:4,createLayersIfNotExists
FNF:1
FNH:1
FNDA:5,createLayersIfNotExists
DA:1,1
DA:2,1
DA:3,1
DA:4,1
DA:5,5
DA:6,5
DA:7,5
DA:8,5
DA:9,5
DA:10,5
DA:11,5
DA:12,12
DA:13,5
DA:14,5
DA:15,5
DA:16,5
LF:16
LH:16
BRDA:4,0,0,5
BRDA:10,1,0,15
BRDA:11,2,0,12
BRF:3
BRH:3
end_of_record
TN:
SF:src/util.js
FN:2,#transform
FN:7,upperCaseFirstLetter
FN:11,lowerCaseFirstLetter
FNF:3
FNH:3
FNDA:50,#transform
FNDA:24,upperCaseFirstLetter
FNDA:26,lowerCaseFirstLetter
DA:1,1
DA:2,1
DA:3,50
DA:4,50
DA:5,50
DA:6,50
DA:7,1
DA:8,24
DA:9,24
DA:10,1
DA:11,1
DA:12,26
DA:13,26
DA:14,1
LF:14
LH:14
BRDA:2,0,0,50
BRDA:3,1,0,48
BRDA:3,2,0,5
BRDA:3,3,0,45
BRDA:4,4,0,23
BRDA:4,5,0,22
BRDA:7,6,0,24
BRDA:11,7,0,26
BRF:8
BRH:8
end_of_record
TN:
SF:src/templates/factoryTemplate.js
FN:23,factoryTemplate
FNF:1
FNH:1
FNDA:2,factoryTemplate
DA:1,1
DA:2,1
DA:3,1
DA:4,1
DA:5,1
DA:6,1
DA:7,1
DA:8,1
DA:9,1
DA:10,1
DA:11,1
DA:12,1
DA:13,1
DA:14,1
DA:15,1
DA:16,1
DA:17,1
DA:18,1
DA:19,1
DA:20,1
DA:21,1
DA:22,1
DA:23,1
DA:24,2
DA:25,2
DA:26,2
DA:27,2
DA:28,2
DA:29,2
DA:30,2
DA:31,2
DA:32,2
DA:33,2
DA:34,2
DA:35,2
DA:36,2
DA:37,2
DA:38,2
DA:39,2
DA:40,2
DA:41,2
LF:41
LH:41
BRDA:23,0,0,2
BRF:1
BRH:1
end_of_record
TN:
SF:src/templates/index.js
FNF:0
FNH:0
DA:1,1
DA:2,1
DA:3,1
DA:4,1
DA:5,1
DA:6,1
DA:7,1
DA:8,1
LF:8
LH:8
BRF:0
BRH:0
end_of_record
TN:
SF:src/templates/repositoryTemplate.js
FN:25,repositoryTemplate
FNF:1
FNH:1
FNDA:6,repositoryTemplate
DA:1,1
DA:2,1
DA:3,1
DA:4,1
DA:5,1
DA:6,1
DA:7,1
DA:8,1
DA:9,1
DA:10,1
DA:11,1
DA:12,1
DA:13,1
DA:14,1
DA:15,1
DA:16,1
DA:17,1
DA:18,1
DA:19,1
DA:20,1
DA:21,1
DA:22,1
DA:23,1
DA:24,1
DA:25,1
DA:26,6
DA:27,6
DA:28,6
DA:29,6
DA:30,6
DA:31,6
DA:32,6
DA:33,6
LF:33
LH:33
BRDA:25,0,0,6
BRF:1
BRH:1
end_of_record
TN:
SF:src/templates/serviceTemplate.js
FN:30,serviceTemplate
FNF:1
FNH:1
FNDA:4,serviceTemplate
DA:1,1
DA:2,1
DA:3,1
DA:4,1
DA:5,1
DA:6,1
DA:7,1
DA:8,1
DA:9,1
DA:10,1
DA:11,1
DA:12,1
DA:13,1
DA:14,1
DA:15,1
DA:16,1
DA:17,1
DA:18,1
DA:19,1
DA:20,1
DA:21,1
DA:22,1
DA:23,1
DA:24,1
DA:25,1
DA:26,1
DA:27,1
DA:28,1
DA:29,1
DA:30,1
DA:31,4
DA:32,4
DA:33,4
DA:34,4
DA:35,4
DA:36,4
DA:37,4
DA:38,4
DA:39,4
DA:40,4
DA:41,4
LF:41
LH:41
BRDA:30,0,0,4
BRF:1
BRH:1
end_of_record
