TN:
SF:src/util.js
FN:1,#transform
FN:4,upperCaseFirstLetter
FN:8,lowerCaseFirstLetter
FNF:3
FNH:3
FNDA:10,#transform
FNDA:6,upperCaseFirstLetter
FNDA:4,lowerCaseFirstLetter
DA:1,10
DA:2,10
DA:3,10
DA:4,1
DA:5,6
DA:6,6
DA:7,1
DA:8,1
DA:9,4
DA:10,4
DA:11,1
DA:12,1
DA:13,1
DA:14,1
LF:14
LH:14
BRDA:1,0,0,10
BRDA:2,1,0,1
BRDA:2,2,0,9
BRDA:2,3,0,6
BRDA:2,4,0,3
BRDA:4,5,0,6
BRDA:8,6,0,4
BRF:7
BRH:7
end_of_record
TN:
SF:src/templates/factoryTemplate.js
FN:18,factoryTemplate
FNF:1
FNH:1
FNDA:1,factoryTemplate
DA:1,1
DA:2,1
DA:3,1
DA:4,1
DA:5,1
DA:6,1
DA:7,1
DA:8,1
DA:9,1
DA:10,1
DA:11,1
DA:12,1
DA:13,1
DA:14,1
DA:15,1
DA:16,1
DA:17,1
DA:18,1
DA:19,1
DA:20,1
DA:21,1
DA:22,1
DA:23,1
DA:24,1
DA:25,1
DA:26,1
DA:27,1
DA:28,1
DA:29,1
DA:30,1
DA:31,1
DA:32,1
DA:33,1
DA:34,1
DA:35,1
DA:36,1
DA:37,1
DA:38,1
DA:39,1
DA:40,1
DA:41,1
LF:41
LH:41
BRDA:18,0,0,1
BRF:1
BRH:1
end_of_record
TN:
SF:src/templates/index.js
FNF:0
FNH:0
DA:1,1
DA:2,1
DA:3,1
DA:4,1
DA:5,1
DA:6,1
DA:7,1
DA:8,1
LF:8
LH:8
BRF:0
BRH:0
end_of_record
TN:
SF:src/templates/repositoryTemplate.js
FN:17,repositoryTemplate
FNF:1
FNH:1
FNDA:1,repositoryTemplate
DA:1,1
DA:2,1
DA:3,1
DA:4,1
DA:5,1
DA:6,1
DA:7,1
DA:8,1
DA:9,1
DA:10,1
DA:11,1
DA:12,1
DA:13,1
DA:14,1
DA:15,1
DA:16,1
DA:17,1
DA:18,1
DA:19,1
DA:20,1
DA:21,1
DA:22,1
DA:23,1
DA:24,1
DA:25,1
DA:26,1
DA:27,1
DA:28,1
DA:29,1
DA:30,1
DA:31,1
DA:32,1
DA:33,1
LF:33
LH:33
BRDA:17,0,0,1
BRF:1
BRH:1
end_of_record
TN:
SF:src/templates/serviceTemplate.js
FN:22,serviceTemplate
FNF:1
FNH:1
FNDA:1,serviceTemplate
DA:1,1
DA:2,1
DA:3,1
DA:4,1
DA:5,1
DA:6,1
DA:7,1
DA:8,1
DA:9,1
DA:10,1
DA:11,1
DA:12,1
DA:13,1
DA:14,1
DA:15,1
DA:16,1
DA:17,1
DA:18,1
DA:19,1
DA:20,1
DA:21,1
DA:22,1
DA:23,1
DA:24,1
DA:25,1
DA:26,1
DA:27,1
DA:28,1
DA:29,1
DA:30,1
DA:31,1
DA:32,1
DA:33,1
DA:34,1
DA:35,1
DA:36,1
DA:37,1
DA:38,1
DA:39,1
DA:40,1
DA:41,1
LF:41
LH:41
BRDA:22,0,0,1
BRF:1
BRH:1
end_of_record
